<?xml version="1.0" encoding="UTF-8"?>
<!-- Generated by org.testng.reporters.JUnitReportReporter -->
<testsuite hostname="SURESHKRISHNAN" name="com.sfc.dev.tests.LoginPageTest" tests="2" failures="0" timestamp="12 Feb 2018 00:20:10 GMT" time="22.212" errors="0">
  <testcase name="loginpageTitleTest" time="8.738" classname="com.sfc.dev.tests.LoginPageTest"/>
  <testcase name="loginpageLoginTest" time="13.474" classname="com.sfc.dev.tests.LoginPageTest"/>
</testsuite> <!-- com.sfc.dev.tests.LoginPageTest -->
