<?xml version="1.0" encoding="UTF-8"?>
<!-- Generated by org.testng.reporters.JUnitReportReporter -->
<testsuite hostname="SURESHKRISHNAN" name="com.sfc.dev.tests.LoginPageTest" tests="1" failures="0" timestamp="4 Feb 2018 17:42:54 GMT" time="12.817" errors="0">
  <testcase name="loginpageTitleTest" time="12.817" classname="com.sfc.dev.tests.LoginPageTest"/>
</testsuite> <!-- com.sfc.dev.tests.LoginPageTest -->
